void         line 2 cols 1-4 is T_Void 
int          line 3 cols 1-3 is T_Int 
double       line 4 cols 1-6 is T_Double 
string       line 5 cols 1-6 is T_String 
while        line 6 cols 1-5 is T_While 
if           line 7 cols 1-2 is T_If 
else         line 8 cols 1-4 is T_Else 
return       line 9 cols 1-6 is T_Return 
break        line 10 cols 1-5 is T_Break 
true         line 11 cols 1-4 is T_BoolConstant (value = true)
false        line 12 cols 1-5 is T_BoolConstant (value = false)
+            line 13 cols 1-1 is '+' 
-            line 14 cols 1-1 is '-' 
*            line 15 cols 1-1 is '*' 
/            line 16 cols 1-1 is '/' 
<            line 17 cols 1-1 is '<' 
>            line 18 cols 1-1 is '>' 
=            line 19 cols 1-1 is '=' 
;            line 20 cols 1-1 is ';' 
,            line 21 cols 1-1 is ',' 
!            line 22 cols 1-1 is '!' 
{            line 23 cols 1-1 is '{' 
}            line 24 cols 1-1 is '}' 
(            line 25 cols 1-1 is '(' 
)            line 26 cols 1-1 is ')' 
||           line 27 cols 1-2 is T_Or 
<=           line 28 cols 1-2 is T_LessEqual 
>=           line 29 cols 1-2 is T_GreaterEqual 
==           line 30 cols 1-2 is T_Equal 
