void         line 1 cols 1-4 is T_Void 
main         line 1 cols 6-9 is T_Identifier 
(            line 1 cols 10-10 is '(' 
)            line 1 cols 11-11 is ')' 
{            line 1 cols 13-13 is '{' 
int          line 2 cols 3-5 is T_Int 
a            line 2 cols 7-7 is T_Identifier 
;            line 2 cols 8-8 is ';' 
a            line 4 cols 3-3 is T_Identifier 
=            line 4 cols 5-5 is '=' 
5            line 4 cols 7-7 is T_IntConstant (value = 5)
;            line 4 cols 8-8 is ';' 
Print        line 5 cols 3-7 is T_Identifier 
(            line 5 cols 8-8 is '(' 
a            line 5 cols 9-9 is T_Identifier 
)            line 5 cols 10-10 is ')' 
a            line 6 cols 3-3 is T_Identifier 
=            line 6 cols 5-5 is '=' 
ReadInteger  line 6 cols 7-17 is T_Readinteger 
(            line 6 cols 18-18 is '(' 
)            line 6 cols 19-19 is ')' 
;            line 6 cols 20-20 is ';' 
}            line 7 cols 1-1 is '}' 
