void         line 1 cols 1-4 is T_Void 
main         line 1 cols 6-9 is T_Identifier 
(            line 1 cols 10-10 is '(' 
)            line 1 cols 11-11 is ')' 
{            line 1 cols 13-13 is '{' 
int          line 2 cols 3-5 is T_Int 
xyz          line 2 cols 7-9 is T_Identifier 
;            line 2 cols 10-10 is ';' 
while        line 4 cols 3-7 is T_While 
(            line 4 cols 9-9 is '(' 
xyz          line 4 cols 10-12 is T_Identifier 
)            line 4 cols 13-13 is ')' 
{            line 4 cols 15-15 is '{' 
else         line 5 cols 5-8 is T_Else 
z            line 6 cols 7-7 is T_Identifier 
=            line 6 cols 9-9 is '=' 
24           line 6 cols 11-12 is T_IntConstant (value = 24)
;            line 6 cols 13-13 is ';' 
}            line 7 cols 3-3 is '}' 
}            line 8 cols 1-1 is '}' 
