int          line 3 cols 1-3 is T_Int 
foo          line 3 cols 5-7 is T_Identifier 
(            line 3 cols 8-8 is '(' 
int          line 3 cols 9-11 is T_Int 
a            line 3 cols 13-13 is T_Identifier 
,            line 3 cols 14-14 is ',' 
double       line 3 cols 16-21 is T_Double 
b            line 3 cols 23-23 is T_Identifier 
,            line 3 cols 24-24 is ',' 
bool         line 3 cols 26-29 is T_Bool 
c            line 3 cols 31-31 is T_Identifier 
)            line 3 cols 32-32 is ')' 
{            line 3 cols 34-34 is '{' 
return       line 4 cols 3-8 is T_Return 
a            line 4 cols 10-10 is T_Identifier 
+            line 4 cols 12-12 is '+' 
2            line 4 cols 14-14 is T_IntConstant (value = 2)
;            line 4 cols 15-15 is ';' 
}            line 5 cols 1-1 is '}' 
void         line 7 cols 1-4 is T_Void 
main         line 7 cols 6-9 is T_Identifier 
(            line 7 cols 10-10 is '(' 
)            line 7 cols 11-11 is ')' 
{            line 7 cols 13-13 is '{' 
int          line 8 cols 3-5 is T_Int 
b            line 8 cols 7-7 is T_Identifier 
;            line 8 cols 8-8 is ';' 
int          line 9 cols 3-5 is T_Int 
a            line 9 cols 7-7 is T_Identifier 
;            line 9 cols 8-8 is ';' 
double       line 10 cols 3-8 is T_Double 
d            line 10 cols 10-10 is T_Identifier 
;            line 10 cols 11-11 is ';' 
d            line 12 cols 3-3 is T_Identifier 
=            line 12 cols 5-5 is '=' 
2            line 12 cols 7-7 is T_IntConstant (value = 2)
+            line 12 cols 9-9 is '+' 
3            line 12 cols 11-11 is T_IntConstant (value = 3)
*            line 12 cols 13-13 is '*' 
4            line 12 cols 15-15 is T_IntConstant (value = 4)
-            line 12 cols 17-17 is '-' 
(            line 12 cols 19-19 is '(' 
6            line 12 cols 20-20 is T_IntConstant (value = 6)
/            line 12 cols 22-22 is '/' 
2            line 12 cols 24-24 is T_IntConstant (value = 2)
)            line 12 cols 25-25 is ')' 
;            line 12 cols 26-26 is ';' 
b            line 13 cols 3-3 is T_Identifier 
=            line 13 cols 5-5 is '=' 
ReadInteger  line 13 cols 7-17 is T_Readinteger 
(            line 13 cols 18-18 is '(' 
)            line 13 cols 19-19 is ')' 
;            line 13 cols 20-20 is ';' 
a            line 14 cols 3-3 is T_Identifier 
=            line 14 cols 5-5 is '=' 
b            line 14 cols 7-7 is T_Identifier 
+            line 14 cols 9-9 is '+' 
2            line 14 cols 11-11 is T_IntConstant (value = 2)
;            line 14 cols 12-12 is ';' 
Print        line 15 cols 3-7 is T_Identifier 
(            line 15 cols 8-8 is '(' 
a            line 15 cols 9-9 is T_Identifier 
,            line 15 cols 10-10 is ',' 
b            line 15 cols 12-12 is T_Identifier 
,            line 15 cols 13-13 is ',' 
d            line 15 cols 15-15 is T_Identifier 
)            line 15 cols 16-16 is ')' 
;            line 15 cols 17-17 is ';' 
foo          line 16 cols 3-5 is T_Identifier 
(            line 16 cols 6-6 is '(' 
a            line 16 cols 7-7 is T_Identifier 
,            line 16 cols 8-8 is ',' 
d            line 16 cols 10-10 is T_Identifier 
,            line 16 cols 11-11 is ',' 
!            line 16 cols 13-13 is '!' 
true         line 16 cols 14-17 is T_BoolConstant (value = true)
)            line 16 cols 18-18 is ')' 
;            line 16 cols 19-19 is ';' 
foo          line 17 cols 3-5 is T_Identifier 
(            line 17 cols 6-6 is '(' 
a            line 17 cols 7-7 is T_Identifier 
+            line 17 cols 9-9 is '+' 
2            line 17 cols 11-11 is T_IntConstant (value = 2)
,            line 17 cols 12-12 is ',' 
d            line 17 cols 14-14 is T_Identifier 
/            line 17 cols 15-15 is '/' 
2            line 17 cols 16-16 is T_IntConstant (value = 2)
,            line 17 cols 17-17 is ',' 
a            line 17 cols 19-19 is T_Identifier 
==           line 17 cols 21-22 is T_Equal 
b            line 17 cols 24-24 is T_Identifier 

*** Error line 17.
*** Unrecognized char: '&'


*** Error line 17.
*** Unrecognized char: '&'

d            line 17 cols 29-29 is T_Identifier 
>=           line 17 cols 31-32 is T_GreaterEqual 
1.0          line 17 cols 34-36 is T_DoubleConstant (value = 1)
)            line 17 cols 37-37 is ')' 
;            line 17 cols 38-38 is ';' 
}            line 18 cols 1-1 is '}' 
