int          line 1 cols 1-3 is T_Int 
a            line 1 cols 5-5 is T_Identifier 
;            line 1 cols 6-6 is ';' 
int          line 4 cols 1-3 is T_Int 
tester       line 4 cols 5-10 is T_Identifier 
(            line 4 cols 11-11 is '(' 
int          line 4 cols 12-14 is T_Int 
d            line 4 cols 16-16 is T_Identifier 
)            line 4 cols 17-17 is ')' 
{            line 4 cols 19-19 is '{' 
return       line 5 cols 3-8 is T_Return 
(            line 5 cols 10-10 is '(' 
a            line 5 cols 11-11 is T_Identifier 
+            line 5 cols 13-13 is '+' 
d            line 5 cols 15-15 is T_Identifier 
)            line 5 cols 16-16 is ')' 
;            line 5 cols 17-17 is ';' 
}            line 6 cols 1-1 is '}' 
void         line 8 cols 1-4 is T_Void 
main         line 8 cols 6-9 is T_Identifier 
(            line 8 cols 10-10 is '(' 
)            line 8 cols 11-11 is ')' 
{            line 8 cols 13-13 is '{' 
int          line 9 cols 3-5 is T_Int 
a            line 9 cols 7-7 is T_Identifier 
;            line 9 cols 8-8 is ';' 
int          line 10 cols 3-5 is T_Int 
c            line 10 cols 7-7 is T_Identifier 
;            line 10 cols 8-8 is ';' 
a            line 12 cols 3-3 is T_Identifier 
=            line 12 cols 5-5 is '=' 
3            line 12 cols 7-7 is T_IntConstant (value = 3)
;            line 12 cols 8-8 is ';' 
c            line 14 cols 3-3 is T_Identifier 
=            line 14 cols 5-5 is '=' 
a            line 14 cols 7-7 is T_Identifier 
+            line 14 cols 9-9 is '+' 
b            line 14 cols 11-11 is T_Identifier 
;            line 14 cols 12-12 is ';' 
Print        line 15 cols 3-7 is T_Print 
(            line 15 cols 8-8 is '(' 
tester       line 15 cols 9-14 is T_Identifier 
(            line 15 cols 15-15 is '(' 
c            line 15 cols 16-16 is T_Identifier 
)            line 15 cols 17-17 is ')' 
)            line 15 cols 18-18 is ')' 
;            line 15 cols 19-19 is ';' 
}            line 16 cols 1-1 is '}' 
